[
  "&quote;jpackage.exe&quote; creates application launcher without Windows Application Manfiest - JDK-8284675",
  "(dc) DatagramChannel.disconnect fails with &quote;Invalid argument&quote; on macOS 12.4 - JDK-8285515",
  "(zipfs) Mention paths with dot elements in ZipException and cleanups - JDK-8286594",
  "(zipfs) Performance regression related to support for POSIX file permissions - JDK-8287162",
  "AArch64: CMN should be handled the same way as CMP - JDK-8288992",
  "Add a regression test for JDK-8287073 - JDK-8287663",
  "Add test to check that jmod hashes are reproducible - JDK-8240903",
  "AlgorithmConstraints:permits not throwing IllegalArgumentException when 'alg'  is null - JDK-8285696",
  "Apache Lucene triggers: DEBUG MESSAGE: duplicated predicate failed which is impossible - JDK-8289127",
  "Assorted enhancements to jpackage testing framework - JDK-8282007",
  "AsyncGetCallTrace may crash JVM on guarantee - JDK-8283849",
  "Avoid evaluating SSLAlgorithmConstraints twice - JDK-8284694",
  "Build fails on macos aarch64 when using --with-zlib=bundled - JDK-8286582",
  "Build failures with GCC 11, Alpine 3 due to incompatible casts from nullptr - JDK-8291633",
  "Build warning in methodData.cpp memset zero-length parameter - JDK-8289799",
  "Bump macOS GitHub actions to macOS 11 - JDK-8290000",
  "Bump update version for OpenJDK: jdk-17.0.4.1 - JDK-8292258",
  "Bump update version for OpenJDK: jdk-17.0.5 - JDK-8287016",
  "C1: Inlining attempt through MH::invokeBasic() with null receiver - JDK-8287223",
  "C1: LIR_OpVisitState::maxNumberOfOperands too small - JDK-8288781",
  "C1: Miscompilation due to broken Class.getModifiers intrinsic - JDK-8288303",
  "C2 compilation hits assert(is_dominator(c, n_ctrl)) failed - JDK-8280696",
  "C2 fails with assert(!n->is_Store() && !n->is_LoadStore()) failed: no node with a side effect - JDK-8286625",
  "C2: &quote;failed: non-reduction loop contains reduction nodes&quote; assert failure - JDK-8286177",
  "C2: LCM may prioritize CheckCastPP nodes over projections - JDK-8270090",
  "C2: LCM prioritizes locally dependent CreateEx nodes over projections after 8270090 - JDK-8285820",
  "C2: assert(!requires_atomic_access) failed: can't ensure atomicity - JDK-8285301",
  "C2: assert(tn->in(0) != __null) failed: must have live top node - JDK-8287432",
  "C2: miscompilation of map pattern as a vector reduction - JDK-8279622",
  "C2: segmentation fault in ciMethodBlocks::make_block_at(int) - JDK-8283441",
  "CDS cannot archive lamda proxy with useImplMethodHandle - JDK-8290417",
  "CI: ciInstanceKlass::implementor() is not consistent for well-known classes - JDK-8288360",
  "Cache the results of constraint checks - JDK-8285398",
  "CgroupSubsystemFactory.setCgroupV2Path asserts with freezer controller - JDK-8287107",
  "CgroupV1 detection code should consider memory.swappiness - JDK-8284950",
  "Change implementation of safeAdd/safeMult in the LCMSImageLayout class - JDK-8264666",
  "Conflicting jpackage static library name - JDK-8277429",
  "CountedLoopEndNode::stride_con crash in debug build with -XX:+TraceLoopOpts - JDK-8273115",
  "Create a manual test framework class - JDK-8283712",
  "Create a regression test for JDK-4330998 - JDK-8282548",
  "Create a regression test for JDK-4514331 - JDK-8281745",
  "Create a regression test for JDK-4518432 - JDK-8282343",
  "Create a regression test for JDK-4532513 - JDK-8282234",
  "Create a regression test for JDK-4618767 - JDK-8281988",
  "Create a regression test for JDK-4670051 - JDK-8281535",
  "Create a regression test for JDK-4699544 - JDK-8282778",
  "Create a regression test for JDK-8000326 - JDK-8282046",
  "Create a regression test for JRootPane.setDefaultButton() method - JDK-8280913",
  "Create a regression test for RFE 4287690 - JDK-8283507",
  "Create a regression test for checking the 'Space' key activation of focused Button - JDK-8281738",
  "Create a regression test for the JTree usecase of JDK-4618767 - JDK-8282789",
  "Create a test for JDK-4529616 - JDK-8282933",
  "Create a test for JDK-4670319 - JDK-8283245",
  "Create a test for JDK-4715496 - JDK-8283015",
  "Create a test for JDK-4740761 - JDK-8282640",
  "Create a test or JDK-4715503 - JDK-8283087",
  "Create an automated regression test for JDK-4525475 - JDK-8283623",
  "Create an automated regression test for RFE 4138746 - JDK-8284294",
  "Create an automated regression test for RFE 4231298 - JDK-8283493",
  "Create an automated regression test for RFE-4390885 - JDK-8283624",
  "Create an automated test for JDK-4170173 - JDK-8284077",
  "Create an automated test for JDK-4702199 - JDK-8285693",
  "DEFAULT_PROMOTED_VERSION_PRE not reset to 'ea' for jdk-17.0.4 - JDK-8283911",
  "Deadlock in leakprofiler::emit_events during shutdown - JDK-8290020",
  "Debian packaging doesn't work - JDK-8278311",
  "Disable SHA-1 Signed JARs - JDK-8269039",
  "Distrust.java failed with CertificateExpiredException - JDK-8287109",
  "Do not use CPU Shares to compute active processor count - JDK-8281181",
  "Duplicate XML keys in XPATHErrorResources.java and XSLTErrorResources.java - JDK-8285097",
  "Enable Unix domain sockets in Windows Selector notification mechanism - JDK-8280944",
  "Enhance PassFailJFrame - JDK-8284898",
  "Error: Not a test or directory containing tests: java/awt/print/PrinterJob/XparColor.java - JDK-8270312",
  "Failing jpackage tests with fastdebug/release build - JDK-8274856",
  "Fix PrintLatinCJKTest.java test that is failing with Parse Exception - JDK-8284535",
  "Fix java/awt/print/PrinterJob/ImagePrinting/PrintARGBImage.java manual test - JDK-8285617",
  "Fix of JDK-8287107 (unused cgv1 freezer controller) was incomplete - JDK-8287741",
  "Fix typos in security - JDK-8285380",
  "Fix various issues with msys2 - JDK-8287724",
  "GCC 12 fails to build zReferenceProcessor.cpp - JDK-8288754",
  "GetContainerCpuLoad does not return the correct result in share mode - JDK-8283903",
  "HiDPI, Unity, java/awt/dnd/DropTargetEnterExitTest/MissedDragExitTest.java - JDK-8159694",
  "ISO 4217 Amendment 171 Update - JDK-8283277",
  "ISO 4217 Amendment 172 Update - JDK-8289549",
  "Improve XPath operators count accuracy - JDK-8285081",
  "Improve XSLT XPath operators count efficiency - JDK-8289486",
  "Improve test failure reporting in GHA - JDK-8287366",
  "Interval of < 1 ms disables ExecutionSample events - JDK-8284686",
  "Issue in Initialization of keys in ErrorMsg.java and XPATHErrorResources.java - JDK-8289471",
  "It is not possible to read local computer certificates with the SunMSCAPI provider - JDK-6782021",
  "JDK-8282306 breaks gtests on zero - JDK-8283562",
  "JFR: Disable TestDevNull.java on Windows - JDK-8287463",
  "JFR: Dump on shutdown live-locks in some conditions - JDK-8282947",
  "JFR: Periodic task thread uses period for method sampling events - JDK-8287113",
  "JQuery UI upgrade from 1.12.1 to 1.13.1 - JDK-8284367",
  "JVM crash: guarantee(sect->end() <= sect->limit()) failed: sanity on AVX512 - JDK-8284883",
  "Java launcher can not parse Chinese character when system locale is set to UTF-8 - JDK-8272352",
  "KeyAgreement : generateSecret intermittently not resetting - JDK-8281628",
  "LIR_Opr::vreg_number() and data() can return negative number - JDK-8287396",
  "MacOS debug symbol files not always deterministic in reproducible builds - JDK-8288399",
  "Make HttpURLConnection default keep alive timeout configurable - JDK-8278067",
  "Make NMT late-initializable - JDK-8256844",
  "Memory leak with RepeatCompilation - JDK-8286870",
  "Menu items with submenus in JPopupMenu are not spoken on macOS - JDK-8284014",
  "MetricsTesterCgroupV2.getLongValueEntryFromFile fails when named value doesn't exist - JDK-8284977",
  "Missing ')' in MacResources.properties - JDK-8282407",
  "NPE from CgroupV2Subsystem.getInstance() - JDK-8287073",
  "NoResizeEventOnDMChangeTest.java fails because FS Window didn't receive all resizes! - JDK-8169468",
  "P11TlsKeyMaterialGenerator should work with ChaCha20-Poly1305 - JDK-8288985",
  "Potential leak awtImageData/color_data when initializes X11GraphicsEnvironment - JDK-8284956",
  "PropertiesTest.sh fail on msys2 - JDK-8287896",
  "RandomGenerator:NextDouble() default behavior non conformant after JDK-8280550 fix - JDK-8280950",
  "RandomGenerator:NextDouble() default behavior partially fixed by JDK-8280950 - JDK-8281183",
  "Remove .hgtags - JDK-8254318",
  "Remove jtreg tag manual=yesno for java/awt/print/PrinterJob/PrintGlyphVectorTest.java and fix test - JDK-8283803",
  "Remove the unnecessary method Attr#attribTopLevel and its usage - JDK-8286573",
  "Restore cancel-in-progress in GHA - JDK-8288499",
  "Rewrite of GitHub Actions (GHA) sanity tests - JDK-8287906",
  "Some langtools tests fail on msys2 - JDK-8287895",
  "Some of the dnd tests time out and fail intermittently - JDK-8274597",
  "SplittableRandom#nextDouble(double,double) can return result >= bound - JDK-8280550",
  "System.loadLibrary does not work on Big Sur if JDK is built with macOS SDK 10.15 and earlier - JDK-8287917",
  "Temporarily disable Unix domain sockets in Windows PipeImpl - JDK-8280233",
  "Test AncestorResized.java fails when Windows desktop is scaled. - JDK-8225122",
  "TestStressG1Humongous fails with guarantee(is_range_uncommitted) - JDK-8281297",
  "Tests fail with SSLProtocolException: Input record too big - JDK-8227651",
  "The MTPerLineTransformValidation tests has a typo in the @run tag - JDK-8287824",
  "The NumberFormat for locale sq_XK formats price incorrectly. - JDK-8264792",
  "Trampoline not created for far runtime targets outside small CodeCache - JDK-8286314",
  "Turning off JpAllowDowngrades (or Upgrades) - JDK-8273040",
  "Unreachable loop is not removed from C2 IR, leading to a broken graph - JDK-8284358",
  "UnreadableRB case in MissingResourceCauseTest is not working reliably on Windows - JDK-8287902",
  "Update FreeType to 2.12.1 - JDK-8290334",
  "Update HarfBuzz to 4.4.1 - JDK-8289853",
  "Update PCSC-Lite for SUSE Linux to 1.9.5 - JDK-8286211",
  "Update Visual Studio 2022 to version 17.1.0 for Oracle builds on Windows - JDK-8283723",
  "Update Xerces to Version 2.12.2 - JDK-8282280",
  "Update build README to reflect that MSYS2 is supported - JDK-8280863",
  "Upgrade JQuery to version 3.6.0 - JDK-8282214",
  "Windows product version issue - JDK-8271344",
  "Write a regression test for CCC4400728 - JDK-8283621",
  "Write a regression test for JDK-4164779 - JDK-8282860",
  "Write a regression test for JDK-4615365 - JDK-8282936",
  "Write a regression test for JDK-4820080 - JDK-8282937",
  "Write an automated regression test for RFE 4371575 - JDK-8284521",
  "ZGC: fastdebug build crashes when printing ClassLoaderData - JDK-8272417",
  "[17u] Delete files missed in backport of 8269039 - JDK-8291595",
  "[17u] Push of backport of 8286177 did not remove assertion - JDK-8289197",
  "[BACKOUT] JDK-8279219: [REDO] C2 crash when allocating array of size too large - JDK-8292260",
  "[IR Framework] Whitelist and ignore CompileThreshold - JDK-8276546",
  "[PPC64] JfrGetCallTrace: assert(_pc != nullptr) failed: must have PC - JDK-8290004",
  "[PPC64] SIGSEGV in C2Compiler::init_c2_runtime() after JDK-8289060 - JDK-8289856",
  "[PPC64] ZGC C2 load barrier stub needs to preserve vector registers - JDK-8290082",
  "[REDO] Invalid generic signature for redefined classes - JDK-8283597",
  "[REDO] JDK-8285802 AArch64: Consistently handle offsets in MacroAssembler as 64-bit quantities - JDK-8285923",
  "[TESTBUG] Regression test java/awt/Graphics2D/DrawString/LCDTextSrcEa.java has issues - JDK-8223543",
  "[TESTBUG] TestMemoryAwareness.java fails on cgroups v2 and crun - JDK-8289695",
  "[TESTBUG] Use color tolerance only for XRender in BlitRotateClippedArea test - JDK-8275689",
  "[TESTBUG] Wrong reporting of gc/g1/humongousObjects/TestHeapCounters test. - JDK-8178969",
  "[TEST_BUG] Test java/awt/Frame/MiscUndecorated/RepaintTest.java fails - JDK-8079267",
  "[TEST_BUG] [macosx] java/awt/dnd/DropTargetEnterExitTest/MissedDragExitTest.java failed - JDK-8028998",
  "[TEST_BUG] java/awt/event/MouseEvent/SpuriousExitEnter/SpuriousExitEnter_3.java fails in jdk6u14 & jdk7 - JDK-6854300",
  "[macos] Multiple jpackage tests fail/timeout on same host - JDK-8287125",
  "[macos] VoiceOver : Moving JTable column to be the first column JVM crashes - JDK-8286266",
  "[macos] libpng build failures with Xcode13.3 - JDK-8283457",
  "[macos] tools/jpackage tests timeout due to /usr/bin/osascript - JDK-8278233",
  "[macos]: App bundle cannot upload to Mac App Store due to info.plist embedded in java exe - JDK-8286122",
  "[macos]: Error when signing the additional launcher - JDK-8276837",
  "[test] java/lang/ProcessBuilder/Basic.java fails on Alpine/musl - JDK-8289569",
  "[test] show real exception in bomb call in sun/rmi/runtime/Log/checkLogging/CheckLogging.java - JDK-8286114",
  "[x86, aarch64] vmassert(_last_Java_pc == NULL, &quote;already walkable&quote;); fails with async profiler - JDK-8282477",
  "aarch64 : guarantee(val < (1ULL << nbits)) failed: Field too big for insn - JDK-8287091",
  "add extra diagnostics for JDK-8268184 - JDK-8282467",
  "assert(cnt++ < 40) failed: infinite cycle in loop optimization - JDK-8284944",
  "buffer overflow in MTLVertexCache.m: MTLVertexCache_AddGlyphQuad - JDK-8289697",
  "bug in GIFImageReader - JDK-7131823",
  "com/sun/management/OperatingSystemMXBean/TestTotalSwap.java: Expected total swap size ... but getTotalSwapSpaceSize returned ... - JDK-8288599",
  "compiler/loopopts/TestOverUnrolling2.java fails with release VMs - JDK-8288000",
  "compiler/loopopts/TestSkeletonPredicateNegation.java times out with -XX:TieredStopAtLevel < 4 - JDK-8279032",
  "jarsigner prints invalid digest/signature algorithm warnings if keysize is weak/disabled - JDK-8275887",
  "java Robot API did the 'm' keypress and caused /awt/event/KeyEvent/KeyCharTest/KeyCharTest.html is timing out on macOS 12 - JDK-8273506",
  "java/util/DoubleStreamSums/CompensatedSums.java fails with expected [true] but found [false] - JDK-8274517",
  "javac error on invalid jar should only print filename - JDK-8286855",
  "javac errors after JDK-8251329 are not helpful enough to find root cause - JDK-8286444",
  "javax/net/ssl/ServerName/SSLEngineExplorerMatchedSNI.java failed intermittently due to SSLException: Tag mismatch - JDK-8212096",
  "javax/swing/JTree/4908142/bug4908142.java The selected index should be &quote;aad&quote; - JDK-8172065",
  "jdk.jpackage/share/native/applauncher/JvmLauncher.cpp fails to build with GCC 6.3.0 - JDK-8279370",
  "jdk/incubator/vector/Float128VectorTests.java failed a subtest - JDK-8271078",
  "jpackage --type rpm produces an error: Invalid or unsupported type: [null] - JDK-8272815",
  "jpackage does not work if class file has `$$` in the name on windows - JDK-8282351",
  "jpackage'd launcher reports non-zero exit codes with error prompt - JDK-8284067",
  "jpackageapplauncher build fails intermittently in Tier[45] - JDK-8286429",
  "jtreg test com/sun/jndi/ldap/LdapPoolTimeoutTest.java fails intermittently in nightly run - JDK-8287672",
  "log events for os::dll_unload - JDK-8288003",
  "misc tests failed with &quote;NoClassDefFoundError: Could not initialize class java.util.concurrent.ThreadLocalRandom&quote; - JDK-8257534",
  "move os::get_default_process_handle and os::dll_lookup to os_posix for POSIX platforms - JDK-8274434",
  "os::is_first_C_frame(frame*) crashes on invalid link access - JDK-8282306",
  "remove memory_operand assert for spilled instructions - JDK-8288467",
  "remove os::print_statistics() - JDK-8290456",
  "sun.font.FontConfigManager.getFontConfig() leaks charset - JDK-8284680",
  "sun/tools/jhsdb/JShellHeapDumpTest.java fails with RuntimeException 'JShellToolProvider' missing from stdout/stderr - JDK-8269556",
  "test fails &quote;assert(init != __null) failed: initialization not found&quote; - JDK-8290246",
  "test/jdk/java/lang/Math/PowTests.java skips testing for non-corner-case values - JDK-8211002",
  "unify _WIN32_WINNT settings - JDK-8285730",
  "unify os::dir_is_empty across posix platforms - JDK-8286869",
  "unify os::infinite_sleep on posix platforms - JDK-8289147",
  "unify os::message_box across posix platforms - JDK-8289910"
]