[
  "\"jpackage.exe\" creates application launcher without Windows Application Manfiest: JDK-8288864",
  "(dc) DatagramChannel.disconnect fails with \"Invalid argument\" on macOS 12.4: JDK-8288463",
  "(tz) Update Timezone Data to 2022c: JDK-8294260",
  "(zipfs) Mention paths with dot elements in ZipException and cleanups: JDK-8287991",
  "(zipfs) Performance regression related to support for POSIX file permissions: JDK-8287993",
  "AArch64: CMN should be handled the same way as CMP: JDK-8291621",
  "Add a regression test for JDK-8287073: JDK-8288322",
  "Add legacy tz tests to OpenJDK: JDK-8293880",
  "Add test to check that jmod hashes are reproducible : JDK-8287722",
  "AlgorithmConstraints:permits not throwing IllegalArgumentException when 'alg'  is null: JDK-8288874",
  "Apache Lucene triggers: DEBUG MESSAGE: duplicated predicate failed which is impossible: JDK-8292540",
  "Assorted enhancements to jpackage testing framework : JDK-8290891",
  "AsyncGetCallTrace may crash JVM on guarantee: JDK-8288331",
  "Avoid evaluating SSLAlgorithmConstraints twice: JDK-8288202",
  "Build fails on macos aarch64 when using --with-zlib=bundled: JDK-8289102",
  "Build failures with GCC 11, Alpine 3 due to incompatible casts from nullptr: JDK-8292527",
  "Build warning in methodData.cpp memset zero-length parameter: JDK-8289990",
  "Bump macOS GitHub actions to macOS 11: JDK-8290777",
  "Bump update version for OpenJDK: jdk-17.0.4.1: JDK-8292469",
  "Bump update version for OpenJDK: jdk-17.0.5: JDK-8287016",
  "C1: Inlining attempt through MH::invokeBasic() with null receiver : JDK-8289134",
  "C1: LIR_OpVisitState::maxNumberOfOperands too small: JDK-8291015",
  "C1: Miscompilation due to broken Class.getModifiers intrinsic: JDK-8289065",
  "C2 compilation hits assert(is_dominator(c, n_ctrl)) failed: JDK-8289123",
  "C2 fails with assert(!n->is_Store() && !n->is_LoadStore()) failed: no node with a side effect: JDK-8289636",
  "C2: \"failed: non-reduction loop contains reduction nodes\" assert failure: JDK-8289130",
  "C2: CmpU needs to do more precise over/underflow analysis: JDK-8288959",
  "C2: LCM may prioritize CheckCastPP nodes over projections: JDK-8288196",
  "C2: LCM prioritizes locally dependent CreateEx nodes over projections after 8270090: JDK-8288200",
  "C2: assert(!requires_atomic_access) failed: can't ensure atomicity: JDK-8288876",
  "C2: assert(tn->in(0) != __null) failed: must have live top node: JDK-8289637",
  "C2: miscompilation of map pattern as a vector reduction: JDK-8289121",
  "C2: segmentation fault in ciMethodBlocks::make_block_at(int): JDK-8288304",
  "CDS VerifyError when calling clone() on object array: JDK-8289912",
  "CDS cannot archive lamda proxy with useImplMethodHandle: JDK-8291547",
  "CI: ciInstanceKlass::implementor() is not consistent for well-known classes: JDK-8289638",
  "Cache the results of constraint checks: JDK-8288866",
  "CgroupSubsystemFactory.setCgroupV2Path asserts with freezer controller: JDK-8288100",
  "CgroupV1 detection code should consider memory.swappiness: JDK-8292767",
  "Change implementation of safeAdd/safeMult in the LCMSImageLayout class: JDK-8288095",
  "Conflicting jpackage static library name: JDK-8290507",
  "CountedLoopEndNode::stride_con crash in debug build with -XX:+TraceLoopOpts: JDK-8288860",
  "Create a manual test framework class: JDK-8291783",
  "Create a regression test for JDK-4330998: JDK-8290944",
  "Create a regression test for JDK-4514331: JDK-8290798",
  "Create a regression test for JDK-4518432: JDK-8290939",
  "Create a regression test for JDK-4532513: JDK-8290941",
  "Create a regression test for JDK-4618767: JDK-8290799",
  "Create a regression test for JDK-4670051: JDK-8290797",
  "Create a regression test for JDK-4699544: JDK-8288889",
  "Create a regression test for JDK-8000326: JDK-8288951",
  "Create a regression test for JRootPane.setDefaultButton() method: JDK-8291613",
  "Create a regression test for RFE 4287690: JDK-8291682",
  "Create a regression test for checking the 'Space' key activation of focused Button: JDK-8290800",
  "Create a regression test for the JTree usecase of JDK-4618767: JDK-8291614",
  "Create a test for JDK-4529616: JDK-8291677",
  "Create a test for JDK-4670319: JDK-8291780",
  "Create a test for JDK-4715496: JDK-8291617",
  "Create a test for JDK-4740761: JDK-8288857",
  "Create a test or JDK-4715503: JDK-8290946",
  "Create an automated regression test for JDK-4525475: JDK-8291673",
  "Create an automated regression test for RFE 4138746: JDK-8289459",
  "Create an automated regression test for RFE 4231298: JDK-8291616",
  "Create an automated regression test for RFE-4390885: JDK-8291833",
  "Create an automated test for JDK-4170173: JDK-8291837",
  "Create an automated test for JDK-4702199: JDK-8291838",
  "Create tests for Frame.setMinimumSize() method: JDK-8288852",
  "DEFAULT_PROMOTED_VERSION_PRE not reset to 'ea' for jdk-17.0.4: JDK-8283911",
  "Deadlock in leakprofiler::emit_events during shutdown : JDK-8290805",
  "Debian packaging doesn't work: JDK-8290792",
  "Disable SHA-1 Signed JARs: JDK-8288965",
  "Distrust.java failed with CertificateExpiredException: JDK-8288462",
  "Do not use CPU Shares to compute active processor count: JDK-8289568",
  "Duplicate XML keys in XPATHErrorResources.java and XSLTErrorResources.java: JDK-8290470",
  "Enable Unix domain sockets in Windows Selector notification mechanism: JDK-8291900",
  "Enhance PassFailJFrame: JDK-8291484",
  "Error: Not a test or directory containing tests: java/awt/print/PrinterJob/XparColor.java: JDK-8291604",
  "Failing jpackage tests with fastdebug/release build: JDK-8290506",
  "Fix PrintLatinCJKTest.java test that is failing with Parse Exception: JDK-8291782",
  "Fix java/awt/print/PrinterJob/ImagePrinting/PrintARGBImage.java manual test: JDK-8291835",
  "Fix of JDK-8287107 (unused cgv1 freezer controller) was incomplete: JDK-8288102",
  "Fix typos in security: JDK-8288888",
  "Fix various issues with msys2: JDK-8290107",
  "GCC 12 fails to build zReferenceProcessor.cpp: JDK-8289067",
  "GHA: Add macOS aarch64 to the list of default platforms for workflow_dispatch event: JDK-8287720",
  "GHA: Update cygwin to fix issues in langtools tests on Windows: JDK-8287987",
  "GetContainerCpuLoad does not return the correct result in share mode: JDK-8292514",
  "HiDPI, Unity, java/awt/dnd/DropTargetEnterExitTest/MissedDragExitTest.java: JDK-8288201",
  "ISO 4217 Amendment 171 Update: JDK-8292013",
  "ISO 4217 Amendment 172 Update: JDK-8292020",
  "Improve XPath operators count accuracy: JDK-8288963",
  "Improve XSLT XPath operators count efficiency: JDK-8290804",
  "Improve test failure reporting in GHA: JDK-8289199",
  "Interval of < 1 ms disables ExecutionSample events: JDK-8288401",
  "Issue in Initialization of keys in ErrorMsg.java and XPATHErrorResources.java: JDK-8291834",
  "It is not possible to read local computer certificates with the SunMSCAPI provider: JDK-8292747",
  "JDK-8282306 breaks gtests on zero: JDK-8288419",
  "JFR: Disable TestDevNull.java on Windows: JDK-8293133",
  "JFR: Dump on shutdown live-locks in some conditions: JDK-8292651",
  "JFR: Periodic task thread uses period for method sampling events: JDK-8288884",
  "JQuery UI upgrade from 1.12.1 to 1.13.1: JDK-8288960",
  "JVM crash: guarantee(sect->end() <= sect->limit()) failed: sanity on AVX512: JDK-8288878",
  "Java launcher can not parse Chinese character when system locale is set to UTF-8: JDK-8290120",
  "KeyAgreement : generateSecret intermittently not resetting: JDK-8288034",
  "LIR_Opr::vreg_number() and data() can return negative number: JDK-8289453",
  "MacOS debug symbol files not always deterministic in reproducible builds: JDK-8292032",
  "Make HttpURLConnection default keep alive timeout configurable: JDK-8288977",
  "Make NMT late-initializable: JDK-8289576",
  "Memory corruption with CPU_ALLOC, CPU_FREE on muslc: JDK-8289915",
  "Memory leak with RepeatCompilation: JDK-8289122",
  "Menu items with submenus in JPopupMenu are not spoken on macOS: JDK-8290443",
  "MetricsTesterCgroupV2.getLongValueEntryFromFile fails when named value doesn't exist: JDK-8289914",
  "Missing ')' in MacResources.properties: JDK-8290439",
  "Missing memory edge when spilling MoveF2I, MoveD2L etc: JDK-8288958",
  "NPE from CgroupV2Subsystem.getInstance(): JDK-8288308",
  "NoResizeEventOnDMChangeTest.java fails because FS Window didn't receive all resizes!: JDK-8290937",
  "P11TlsKeyMaterialGenerator should work with ChaCha20-Poly1305: JDK-8293144",
  "PKCS11 tests fail on CentOS Stream 9: JDK-8288827",
  "Potential leak awtImageData/color_data when initializes X11GraphicsEnvironment: JDK-8289374",
  "PropertiesTest.sh fail on msys2: JDK-8290109",
  "Provide separate event category for dll operations: JDK-8289913",
  "RandomGenerator:NextDouble() default behavior non conformant after JDK-8280550 fix: JDK-8288061",
  "RandomGenerator:NextDouble() default behavior partially fixed by JDK-8280950: JDK-8288063",
  "Remove .hgtags: JDK-8290068",
  "Remove jtreg tag manual=yesno for java/awt/print/PrinterJob/PrintGlyphVectorTest.java and fix test: JDK-8291483",
  "Remove the unnecessary method Attr#attribTopLevel and its usage: JDK-8290105",
  "Restore cancel-in-progress in GHA: JDK-8290457",
  "Rewrite of GitHub Actions (GHA) sanity tests: JDK-8290404",
  "Some langtools tests fail on msys2: JDK-8290099",
  "Some of the dnd tests time out and fail intermittently: JDK-8288955",
  "SplittableRandom#nextDouble(double,double) can return result >= bound: JDK-8288055",
  "System.loadLibrary does not work on Big Sur if JDK is built with macOS SDK 10.15 and earlier: JDK-8289685",
  "Temporarily disable Unix domain sockets in Windows PipeImpl: JDK-8290526",
  "Test AncestorResized.java fails when Windows desktop is scaled.: JDK-8288065",
  "TestStressG1Humongous fails with guarantee(is_range_uncommitted): JDK-8288390",
  "Tests fail with SSLProtocolException: Input record too big: JDK-8292775",
  "The MTPerLineTransformValidation tests has a typo in the @run tag: JDK-8288066",
  "The NumberFormat for locale sq_XK formats price incorrectly.: JDK-8291480",
  "Trampoline not created for far runtime targets outside small CodeCache: JDK-8291487",
  "Turning off JpAllowDowngrades (or Upgrades): JDK-8290435",
  "Unreachable loop is not removed from C2 IR, leading to a broken graph: JDK-8291486",
  "UnreadableRB case in MissingResourceCauseTest is not working reliably on Windows: JDK-8290152",
  "Update FreeType to 2.12.1: JDK-8291489",
  "Update HarfBuzz to 4.4.1: JDK-8290952",
  "Update PCSC-Lite for SUSE Linux to 1.9.5: JDK-8288962",
  "Update Visual Studio 2022 to version 17.1.0 for Oracle builds on Windows: JDK-8291482",
  "Update Xerces2 Java to Version 2.12.2: JDK-8290508",
  "Update build README to reflect that MSYS2 is supported: JDK-8290094",
  "Upgrade JQuery to version 3.6.0: JDK-8288036",
  "Windows product version issue: JDK-8290785",
  "Write a regression test for CCC4400728: JDK-8291674",
  "Write a regression test for JDK-4164779: JDK-8291030",
  "Write a regression test for JDK-4615365: JDK-8289457",
  "Write a regression test for JDK-4820080: JDK-8289120",
  "Write an automated regression test for RFE 4371575: JDK-8288952",
  "ZGC: fastdebug build crashes when printing ClassLoaderData: JDK-8292759",
  "[17u] Delete files missed in backport of 8269039: JDK-8291595",
  "[17u] Push of backport of 8286177 did not remove assertion: JDK-8289197",
  "[17u] Remove designator DEFAULT_PROMOTED_VERSION_PRE=ea for release 17.0.5: JDK-8295056",
  "[BACKOUT] JDK-8279219: [REDO] C2 crash when allocating array of size too large: JDK-8292470",
  "[IR Framework] Whitelist and ignore CompileThreshold: JDK-8289746",
  "[JVMCI] Add API for reading and writing JVMCI thread locals: JDK-8290930",
  "[PPC64] JfrGetCallTrace: assert(_pc != nullptr) failed: must have PC: JDK-8290301",
  "[PPC64] SIGSEGV in C2Compiler::init_c2_runtime() after JDK-8289060: JDK-8290303",
  "[PPC64] ZGC C2 load barrier stub needs to preserve vector registers: JDK-8290305",
  "[REDO] Invalid generic signature for redefined classes: JDK-8288037",
  "[REDO] JDK-8285802 AArch64: Consistently handle offsets in MacroAssembler as 64-bit quantities: JDK-8289132",
  "[REDO] Quarantined jpackage apps are labeled as \"damaged\": JDK-8290905",
  "[TEST_BUG] Test java/awt/Frame/MiscUndecorated/RepaintTest.java fails: JDK-8288950",
  "[TEST_BUG] [macosx] java/awt/dnd/DropTargetEnterExitTest/MissedDragExitTest.java failed: JDK-8288956",
  "[TEST_BUG] java/awt/event/MouseEvent/SpuriousExitEnter/SpuriousExitEnter_3.java fails in jdk6u14 & jdk7: JDK-8290935",
  "[XRender] the BlitRotateClippedArea test fails on Linux in the XR pipeline: JDK-8290931",
  "[macos] Multiple jpackage tests fail/timeout on same host: JDK-8290803",
  "[macos] VoiceOver : Moving JTable column to be the first column JVM crashes: JDK-8289924",
  "[macos] accessibility frame is misplaced on a secondary monitor on macOS: JDK-8289929",
  "[macos] libpng build failures with Xcode13.3: JDK-8289034",
  "[macos] test/jdk/java/awt/dnd/RemoveDropTargetCrashTest crashes with VoiceOver on macOS: JDK-8289922",
  "[macos] tools/jpackage tests timeout due to /usr/bin/osascript: JDK-8290890",
  "[macos]: App bundle cannot upload to Mac App Store due to info.plist embedded in java exe: JDK-8290802",
  "[macos]: Error when signing the additional launcher: JDK-8290788",
  "[test] java/lang/ProcessBuilder/Basic.java fails on Alpine/musl: JDK-8289888",
  "[test] show real exception in bomb call in sun/rmi/runtime/Log/checkLogging/CheckLogging.java: JDK-8287928",
  "[x86, aarch64] vmassert(_last_Java_pc == NULL, \"already walkable\"); fails with async profiler: JDK-8287931",
  "aarch64 : guarantee(val < (1ULL << nbits)) failed: Field too big for insn: JDK-8289131",
  "add extra diagnostics for JDK-8268184: JDK-8288032",
  "assert(cnt++ < 40) failed: infinite cycle in loop optimization: JDK-8289461",
  "buffer overflow in MTLVertexCache.m: MTLVertexCache_AddGlyphQuad: JDK-8290042",
  "bug in GIFImageReader: JDK-8291335",
  "com/sun/management/OperatingSystemMXBean/TestTotalSwap.java: Expected total swap size ... but getTotalSwapSpaceSize returned ...: JDK-8290232",
  "compiler/loopopts/TestOverUnrolling2.java fails with release VMs: JDK-8292644",
  "compiler/loopopts/TestSkeletonPredicateNegation.java times out with -XX:TieredStopAtLevel < 4: JDK-8292571",
  "jarsigner prints invalid digest/signature algorithm warnings if keysize is weak/disabled: JDK-8293909",
  "java Robot API did the 'm' keypress and caused /awt/event/KeyEvent/KeyCharTest/KeyCharTest.html is timing out on macOS 12: JDK-8290950",
  "java/util/DoubleStreamSums/CompensatedSums.java fails with expected [true] but found [false]: JDK-8288389",
  "javac error on invalid jar should only print filename: JDK-8287995",
  "javac errors after JDK-8251329 are not helpful enough to find root cause: JDK-8287989",
  "javax/net/ssl/ServerName/SSLEngineExplorerMatchedSNI.java failed intermittently due to SSLException: Tag mismatch: JDK-8292776",
  "javax/swing/JTree/4908142/bug4908142.java The selected index should be \"aad\": JDK-8288248",
  "jdk.jpackage/share/native/applauncher/JvmLauncher.cpp fails to build with GCC 6.3.0: JDK-8290794",
  "jdk/incubator/vector/Float128VectorTests.java failed a subtest: JDK-8289133",
  "jpackage --type rpm produces an error: Invalid or unsupported type: [null] : JDK-8290437",
  "jpackage does not work if class file has `$$` in the name on windows: JDK-8291485",
  "jpackage'd launcher reports non-zero exit codes with error prompt: JDK-8290948",
  "jpackageapplauncher build fails intermittently in Tier[45]: JDK-8288863",
  "jtreg test com/sun/jndi/ldap/LdapPoolTimeoutTest.java fails intermittently in nightly run: JDK-8289135",
  "log events for os::dll_unload: JDK-8290424",
  "misc tests failed with \"NoClassDefFoundError: Could not initialize class java.util.concurrent.ThreadLocalRandom\": JDK-8291607",
  "move os::get_default_process_handle and os::dll_lookup to os_posix for POSIX platforms: JDK-8290371",
  "os::is_first_C_frame(frame*) crashes on invalid link access: JDK-8288417",
  "remove memory_operand assert for spilled instructions: JDK-8289455",
  "remove os::print_statistics(): JDK-8293155",
  "several compiler/whitebox tests fail with \"private compiler.whitebox.SimpleTestCaseHelper(int) must be compiled\": JDK-8288957",
  "sun.font.FontConfigManager.getFontConfig() leaks charset: JDK-8289376",
  "sun/tools/jhsdb/JShellHeapDumpTest.java fails with RuntimeException 'JShellToolProvider' missing from stdout/stderr: JDK-8291611",
  "test fails \"assert(init != __null) failed: initialization not found\": JDK-8291488",
  "test/jdk/java/lang/Math/PowTests.java skips testing for non-corner-case values: JDK-8289119",
  "unify _WIN32_WINNT settings: JDK-8292529",
  "unify os::dir_is_empty across posix platforms: JDK-8288418",
  "unify os::infinite_sleep on posix platforms: JDK-8290346",
  "unify os::message_box across posix platforms: JDK-8292528"
]